<?xml version="1.0" encoding="UTF-8"?>
<!-- Generated by org.testng.reporters.JUnitReportReporter -->
<testsuite hostname="LAPTOP-QS16KLAB" failures="0" tests="1" name="com.mycaptain.test.LoginTest" time="22.362" errors="0" timestamp="2023-01-27T17:22:03 IST" skipped="0">
  <testcase classname="com.mycaptain.test.LoginTest" name="testVerifyLogin" time="22.362"/>
  <system-out/>
</testsuite> <!-- com.mycaptain.test.LoginTest -->
